# JRE version: OpenJDK Runtime Environment (11.0.10) (build 11.0.10+0-b96-7249189)
# Java VM: OpenJDK 64-Bit Server VM (11.0.10+0-b96-7249189, mixed mode, tiered, compressed oops, g1 gc, windows-amd64)
Heap:
 garbage-first heap   total 131072K, used 108070K [0x0000000080000000, 0x0000000100000000)
  region size 1024K, 22 young (22528K), 4 survivors (4096K)
 Metaspace       used 78081K, capacity 80068K, committed 80336K, reserved 1118208K
  class space    used 10036K, capacity 10673K, committed 10752K, reserved 1048576K
GC Heap History (20 events):
Event: 29.666 GC heap before
{Heap before GC invocations=15 (full 0):
 garbage-first heap   total 131072K, used 103052K [0x0000000080000000, 0x0000000100000000)
  region size 1024K, 33 young (33792K), 2 survivors (2048K)
 Metaspace       used 58306K, capacity 59905K, committed 60112K, reserved 1101824K
  class space    used 7406K, capacity 7907K, committed 7936K, reserved 1048576K
}
Event: 29.682 GC heap after
{Heap after GC invocations=16 (full 0):
 garbage-first heap   total 131072K, used 74103K [0x0000000080000000, 0x0000000100000000)
  region size 1024K, 4 young (4096K), 4 survivors (4096K)
 Metaspace       used 58306K, capacity 59905K, committed 60112K, reserved 1101824K
  class space    used 7406K, capacity 7907K, committed 7936K, reserved 1048576K
}
Event: 30.647 GC heap before
{Heap before GC invocations=16 (full 0):
 garbage-first heap   total 131072K, used 94583K [0x0000000080000000, 0x0000000100000000)
  region size 1024K, 25 young (25600K), 4 survivors (4096K)
 Metaspace       used 60456K, capacity 62055K, committed 62288K, reserved 1103872K
  class space    used 7663K, capacity 8211K, committed 8320K, reserved 1048576K
}
Event: 30.658 GC heap after
{Heap after GC invocations=17 (full 0):
 garbage-first heap   total 131072K, used 75720K [0x0000000080000000, 0x0000000100000000)
  region size 1024K, 2 young (2048K), 2 survivors (2048K)
 Metaspace       used 60456K, capacity 62055K, committed 62288K, reserved 1103872K
  class space    used 7663K, capacity 8211K, committed 8320K, reserved 1048576K
}
Event: 32.233 GC heap before
{Heap before GC invocations=18 (full 0):
 garbage-first heap   total 131072K, used 104392K [0x0000000080000000, 0x0000000100000000)
  region size 1024K, 29 young (29696K), 2 survivors (2048K)
 Metaspace       used 63376K, capacity 64982K, committed 65104K, reserved 1105920K
  class space    used 8012K, capacity 8562K, committed 8576K, reserved 1048576K
}
Event: 32.240 GC heap after
{Heap after GC invocations=19 (full 0):
 garbage-first heap   total 131072K, used 76505K [0x0000000080000000, 0x0000000100000000)
  region size 1024K, 3 young (3072K), 3 survivors (3072K)
 Metaspace       used 63376K, capacity 64982K, committed 65104K, reserved 1105920K
  class space    used 8012K, capacity 8562K, committed 8576K, reserved 1048576K
}
Event: 32.981 GC heap before
{Heap before GC invocations=19 (full 0):
 garbage-first heap   total 131072K, used 104153K [0x0000000080000000, 0x0000000100000000)
  region size 1024K, 30 young (30720K), 3 survivors (3072K)
 Metaspace       used 64250K, capacity 65992K, committed 66128K, reserved 1105920K
  class space    used 8118K, capacity 8706K, committed 8832K, reserved 1048576K
}
Event: 32.997 GC heap after
{Heap after GC invocations=20 (full 0):
 garbage-first heap   total 131072K, used 79306K [0x0000000080000000, 0x0000000100000000)
  region size 1024K, 4 young (4096K), 4 survivors (4096K)
 Metaspace       used 64250K, capacity 65992K, committed 66128K, reserved 1105920K
  class space    used 8118K, capacity 8706K, committed 8832K, reserved 1048576K
}
Event: 35.120 GC heap before
{Heap before GC invocations=21 (full 0):
 garbage-first heap   total 131072K, used 105930K [0x0000000080000000, 0x0000000100000000)
  region size 1024K, 30 young (30720K), 4 survivors (4096K)
 Metaspace       used 65895K, capacity 67685K, committed 67792K, reserved 1107968K
  class space    used 8335K, capacity 8906K, committed 8960K, reserved 1048576K
}
Event: 35.138 GC heap after
{Heap after GC invocations=22 (full 0):
 garbage-first heap   total 131072K, used 81809K [0x0000000080000000, 0x0000000100000000)
  region size 1024K, 3 young (3072K), 3 survivors (3072K)
 Metaspace       used 65895K, capacity 67685K, committed 67792K, reserved 1107968K
  class space    used 8335K, capacity 8906K, committed 8960K, reserved 1048576K
}
Event: 38.412 GC heap before
{Heap before GC invocations=22 (full 0):
 garbage-first heap   total 131072K, used 106385K [0x0000000080000000, 0x0000000100000000)
  region size 1024K, 28 young (28672K), 3 survivors (3072K)
 Metaspace       used 69147K, capacity 70892K, committed 70992K, reserved 1110016K
  class space    used 8930K, capacity 9504K, committed 9600K, reserved 1048576K
}
Event: 38.421 GC heap after
{Heap after GC invocations=23 (full 0):
 garbage-first heap   total 131072K, used 83397K [0x0000000080000000, 0x0000000100000000)
  region size 1024K, 2 young (2048K), 2 survivors (2048K)
 Metaspace       used 69147K, capacity 70892K, committed 70992K, reserved 1110016K
  class space    used 8930K, capacity 9504K, committed 9600K, reserved 1048576K
}
Event: 39.510 GC heap before
{Heap before GC invocations=24 (full 0):
 garbage-first heap   total 131072K, used 108997K [0x0000000080000000, 0x0000000100000000)
  region size 1024K, 27 young (27648K), 2 survivors (2048K)
 Metaspace       used 70137K, capacity 71880K, committed 72144K, reserved 1112064K
  class space    used 9066K, capacity 9661K, committed 9728K, reserved 1048576K
}
Event: 39.523 GC heap after
{Heap after GC invocations=25 (full 0):
 garbage-first heap   total 131072K, used 85510K [0x0000000080000000, 0x0000000100000000)
  region size 1024K, 4 young (4096K), 4 survivors (4096K)
 Metaspace       used 70137K, capacity 71880K, committed 72144K, reserved 1112064K
  class space    used 9066K, capacity 9661K, committed 9728K, reserved 1048576K
}
Event: 40.402 GC heap before
{Heap before GC invocations=25 (full 0):
 garbage-first heap   total 131072K, used 110086K [0x0000000080000000, 0x0000000100000000)
  region size 1024K, 28 young (28672K), 4 survivors (4096K)
 Metaspace       used 72796K, capacity 74613K, committed 74704K, reserved 1114112K
  class space    used 9401K, capacity 9976K, committed 9984K, reserved 1048576K
}
Event: 40.416 GC heap after
{Heap after GC invocations=26 (full 0):
 garbage-first heap   total 131072K, used 87311K [0x0000000080000000, 0x0000000100000000)
  region size 1024K, 2 young (2048K), 2 survivors (2048K)
 Metaspace       used 72796K, capacity 74613K, committed 74704K, reserved 1114112K
  class space    used 9401K, capacity 9976K, committed 9984K, reserved 1048576K
}
Event: 41.468 GC heap before
{Heap before GC invocations=27 (full 0):
 garbage-first heap   total 131072K, used 109839K [0x0000000080000000, 0x0000000100000000)
  region size 1024K, 25 young (25600K), 2 survivors (2048K)
 Metaspace       used 75586K, capacity 77501K, committed 77648K, reserved 1116160K
  class space    used 9720K, capacity 10339K, committed 10368K, reserved 1048576K
}
Event: 41.478 GC heap after
{Heap after GC invocations=28 (full 0):
 garbage-first heap   total 131072K, used 88219K [0x0000000080000000, 0x0000000100000000)
  region size 1024K, 3 young (3072K), 3 survivors (3072K)
 Metaspace       used 75586K, capacity 77501K, committed 77648K, reserved 1116160K
  class space    used 9720K, capacity 10339K, committed 10368K, reserved 1048576K
}
Event: 42.601 GC heap before
{Heap before GC invocations=28 (full 0):
 garbage-first heap   total 131072K, used 110747K [0x0000000080000000, 0x0000000100000000)
  region size 1024K, 25 young (25600K), 3 survivors (3072K)
 Metaspace       used 77209K, capacity 79166K, committed 79440K, reserved 1118208K
  class space    used 9896K, capacity 10508K, committed 10624K, reserved 1048576K
}
Event: 42.615 GC heap after
{Heap after GC invocations=29 (full 0):
 garbage-first heap   total 131072K, used 90662K [0x0000000080000000, 0x0000000100000000)
  region size 1024K, 4 young (4096K), 4 survivors (4096K)
 Metaspace       used 77209K, capacity 79166K, committed 79440K, reserved 1118208K
  class space    used 9896K, capacity 10508K, committed 10624K, reserved 1048576K
}

